2024-09-16 17:34:53,125 [HUGESUCCESS] bbot.scanner logger.py:132 Starting scan benevolent_matthew
2024-09-16 17:35:02,602 [HUGEINFO] bbot.cli logger.py:132 Setting log level to VERBOSE
2024-09-16 17:35:02,684 [INFO] bbot.scanner scanner.py:1044 benevolent_matthew: Modules running (incoming:processing:outgoing) dnsresolve(0:1:0)
2024-09-16 17:35:02,684 [INFO] bbot.scanner scanner.py:1044 benevolent_matthew: Events produced so far: SCAN: 1
2024-09-16 17:35:02,684 [INFO] bbot.scanner scanner.py:1044 benevolent_matthew: No events in queue (9 processed in the past 15 seconds)
2024-09-16 17:35:05,977 [VERBOSE] bbot.core.helpers.web.client logger.py:132 Creating httpx.AsyncClient((), {'timeout': 5, 'verify': <ssl.SSLContext object at 0x7df79083e3d0>, 'transport': <httpx.AsyncHTTPTransport object at 0x7df7887f5220>, 'headers': {'User-Agent': 'Mozilla/5.0 (Windows NT 10.0; Win64; x64) AppleWebKit/537.36 (KHTML, like Gecko) Chrome/119.0.0.0 Safari/537.36 Edg/119.0.2151.97'}, 'proxies': None})
2024-09-16 17:35:06,023 [VERBOSE] bbot.modules.dnscommonsrv logger.py:132 Brute-forcing 142 SRV records for "sabzlearn.ir"
2024-09-16 17:35:06,136 [VERBOSE] bbot.modules.github_org logger.py:132 Validating whether the organization sabzlearn is within our scope...
2024-09-16 17:35:06,146 [VERBOSE] bbot.modules.httpx logger.py:132 Handling batch of 2 events
2024-09-16 17:35:06,146 [HUGEVERBOSE] bbot.core.helpers.command logger.py:132 run: /home/arash/.bbot/tools/httpx -silent -json -include-response -threads 50 -timeout 5 -retries 1 -header User-Agent: Mozilla/5.0 (Windows NT 10.0; Win64; x64) AppleWebKit/537.36 (KHTML, like Gecko) Chrome/119.0.0.0 Safari/537.36 Edg/119.0.2151.97 -response-size-to-read 5242880 -r 127.0.0.53
2024-09-16 17:35:08,178 [INFO] bbot.scanner scanner.py:1044 benevolent_matthew: Modules running (incoming:processing:outgoing) dnsresolve(0:2:0), httpx(0:2:0), anubisdb(0:1:0), azure_tenant(0:1:0), baddns(0:1:0), baddns_zone(0:1:0), bucket_firebase(0:1:0), bucket_google(0:1:0), certspotter(0:1:0), columbus(0:1:0), crt(0:1:0), digitorus(0:1:0), dnsbrute(0:1:0), dnscaa(0:1:0), dnscommonsrv(0:1:0), dnsdumpster(0:1:0), github_org(0:1:0), hackertarget(0:1:0), internetdb(0:1:0), leakix(0:1:0), myssl(0:1:0), oauth(0:1:0), otx(0:1:0), postman(0:1:0), rapiddns(0:1:0), sitedossier(0:1:0), subdomaincenter(0:1:0), urlscan(0:1:0), wayback(0:1:0)
2024-09-16 17:35:08,178 [INFO] bbot.scanner scanner.py:1044 benevolent_matthew: Events produced so far: SCAN: 1, DNS_NAME: 1, ORG_STUB: 1
2024-09-16 17:35:08,179 [INFO] bbot.scanner scanner.py:1044 benevolent_matthew: No events in queue (54 processed in the past 15 seconds)
2024-09-16 17:35:10,719 [VERBOSE] bbot.modules.github_org logger.py:132 Unable to validate that sabzlearn is in-scope, skipping...
2024-09-16 17:35:13,747 [VERBOSE] bbot.modules.httpx logger.py:132 Finished handling batch of 2 events
2024-09-16 17:35:13,749 [VERBOSE] bbot.modules.httpx logger.py:132 Handling batch of 7 events
2024-09-16 17:35:13,749 [HUGEVERBOSE] bbot.core.helpers.command logger.py:132 run: /home/arash/.bbot/tools/httpx -silent -json -include-response -threads 50 -timeout 5 -retries 1 -header User-Agent: Mozilla/5.0 (Windows NT 10.0; Win64; x64) AppleWebKit/537.36 (KHTML, like Gecko) Chrome/119.0.0.0 Safari/537.36 Edg/119.0.2151.97 -response-size-to-read 5242880 -r 127.0.0.53
2024-09-16 17:35:15,986 [VERBOSE] bbot.modules.asn logger.py:132 Error retrieving ASN metadata at https://api.bgpview.io/asn/24940: Expecting value: line 1 column 1 (char 0)
2024-09-16 17:35:16,070 [VERBOSE] bbot.modules.asn logger.py:132 Failed to contact bgpview, retrying
2024-09-16 17:35:20,952 [VERBOSE] bbot.modules.httpx logger.py:132 Finished handling batch of 7 events
2024-09-16 17:35:20,969 [VERBOSE] bbot.modules.httpx logger.py:132 Handling batch of 1 events
2024-09-16 17:35:20,969 [HUGEVERBOSE] bbot.core.helpers.command logger.py:132 run: /home/arash/.bbot/tools/httpx -silent -json -include-response -threads 50 -timeout 5 -retries 1 -header User-Agent: Mozilla/5.0 (Windows NT 10.0; Win64; x64) AppleWebKit/537.36 (KHTML, like Gecko) Chrome/119.0.0.0 Safari/537.36 Edg/119.0.2151.97 -response-size-to-read 5242880 -r 127.0.0.53
2024-09-16 17:35:23,181 [INFO] bbot.scanner scanner.py:1044 benevolent_matthew: Modules running (incoming:processing:outgoing) dnsresolve(8:20:0), httpx(22:1:0), anubisdb(4:1:0), certspotter(4:1:0), columbus(4:1:0), crt(4:1:0), digitorus(4:1:0), dnsbrute(4:1:0), dnscommonsrv(4:1:0), dnsdumpster(4:1:0), hackertarget(4:1:0), leakix(4:1:0), myssl(4:1:0), otx(4:1:0), postman(4:1:0), rapiddns(4:1:0), sitedossier(4:1:0), subdomaincenter(4:1:0), urlscan(4:1:0), wayback(4:1:0), baddns(0:1:0)
2024-09-16 17:35:23,182 [INFO] bbot.scanner scanner.py:1044 benevolent_matthew: Events produced so far: TECHNOLOGY: 12, DNS_NAME: 3, URL: 3, OPEN_TCP_PORT: 3, SCAN: 1, ORG_STUB: 1, EMAIL_ADDRESS: 1, ASN: 1, IP_ADDRESS: 1
2024-09-16 17:35:23,182 [INFO] bbot.scanner scanner.py:1044 benevolent_matthew: No events in queue (1,564 processed in the past 15 seconds)
2024-09-16 17:35:24,268 [VERBOSE] bbot.modules.httpx logger.py:132 Finished handling batch of 1 events
2024-09-16 17:35:24,278 [VERBOSE] bbot.modules.httpx logger.py:132 Handling batch of 1 events
2024-09-16 17:35:24,279 [HUGEVERBOSE] bbot.core.helpers.command logger.py:132 run: /home/arash/.bbot/tools/httpx -silent -json -include-response -threads 50 -timeout 5 -retries 1 -header User-Agent: Mozilla/5.0 (Windows NT 10.0; Win64; x64) AppleWebKit/537.36 (KHTML, like Gecko) Chrome/119.0.0.0 Safari/537.36 Edg/119.0.2151.97 -response-size-to-read 5242880 -r 127.0.0.53
2024-09-16 17:35:25,079 [VERBOSE] bbot.modules.sslcert logger.py:132 Skipping Subject Alternate Names (SANs) on 40.126.31.73:443 because number of hostnames (56) exceeds threshold (10)
2024-09-16 17:35:25,307 [VERBOSE] bbot.modules.sslcert logger.py:132 Skipping Subject Alternate Names (SANs) on 20.190.159.68:443 because number of hostnames (56) exceeds threshold (10)
2024-09-16 17:35:25,372 [VERBOSE] bbot.modules.sslcert logger.py:132 Skipping Subject Alternate Names (SANs) on 20.190.159.2:443 because number of hostnames (56) exceeds threshold (10)
2024-09-16 17:35:25,424 [VERBOSE] bbot.modules.sslcert logger.py:132 Skipping Subject Alternate Names (SANs) on 20.190.159.73:443 because number of hostnames (56) exceeds threshold (10)
2024-09-16 17:35:25,534 [VERBOSE] bbot.modules.sslcert logger.py:132 Skipping Subject Alternate Names (SANs) on 20.190.159.64:443 because number of hostnames (56) exceeds threshold (10)
2024-09-16 17:35:25,730 [VERBOSE] bbot.modules.httpx logger.py:132 Finished handling batch of 1 events
2024-09-16 17:35:25,822 [VERBOSE] bbot.modules.sslcert logger.py:132 Skipping Subject Alternate Names (SANs) on 20.190.159.75:443 because number of hostnames (56) exceeds threshold (10)
2024-09-16 17:35:25,977 [VERBOSE] bbot.modules.sslcert logger.py:132 Skipping Subject Alternate Names (SANs) on 40.126.31.71:443 because number of hostnames (56) exceeds threshold (10)
2024-09-16 17:35:27,060 [HUGEWARNING] bbot.scanner logger.py:132 Aborting scan
2024-09-16 17:35:28,932 [INFO] bbot.modules.asn base.py:1283 +---------+----------------+--------------+--------+---------------+-----------+
2024-09-16 17:35:28,932 [INFO] bbot.modules.asn base.py:1283 | ASN     | Subnet         | Host Count   | Name   | Description   | Country   |
2024-09-16 17:35:28,932 [INFO] bbot.modules.asn base.py:1283 +=========+================+==============+========+===============+===========+
2024-09-16 17:35:28,932 [INFO] bbot.modules.asn base.py:1283 | AS24940 | 136.243.0.0/16 | 2            |        |               |           |
2024-09-16 17:35:28,932 [INFO] bbot.modules.asn base.py:1283 +---------+----------------+--------------+--------+---------------+-----------+
2024-09-16 17:35:28,933 [VERBOSE] bbot.modules.asn logger.py:132 Wrote asns to /home/arash/Desktop/Bat-Tower/http/bbot/benevolent_matthew/asns-table-20240916_1735_28.txt
2024-09-16 17:35:28,939 [INFO] bbot.modules.aggregate base.py:1283 +--------------------+-----------------------------------+------------------------------------------+
2024-09-16 17:35:28,939 [INFO] bbot.modules.aggregate base.py:1283 | Module             | Produced                          | Consumed                                 |
2024-09-16 17:35:28,939 [INFO] bbot.modules.aggregate base.py:1283 +====================+===================================+==========================================+
2024-09-16 17:35:28,939 [INFO] bbot.modules.aggregate base.py:1283 | wappalyzer         | 11 (11 TECHNOLOGY)                | 3 (3 HTTP_RESPONSE)                      |
2024-09-16 17:35:28,939 [INFO] bbot.modules.aggregate base.py:1283 +--------------------+-----------------------------------+------------------------------------------+
2024-09-16 17:35:28,939 [INFO] bbot.modules.aggregate base.py:1283 | speculate          | 3 (2 OPEN_TCP_PORT, 1 ORG_STUB)   | 120 (6 DNS_NAME, 3 HTTP_RESPONSE, 1      |
2024-09-16 17:35:28,939 [INFO] bbot.modules.aggregate base.py:1283 |                    |                                   | IP_ADDRESS, 3 URL, 107 URL_UNVERIFIED)   |
2024-09-16 17:35:28,939 [INFO] bbot.modules.aggregate base.py:1283 +--------------------+-----------------------------------+------------------------------------------+
2024-09-16 17:35:28,939 [INFO] bbot.modules.aggregate base.py:1283 | httpx              | 3 (3 URL)                         | 11 (9 OPEN_TCP_PORT, 2 URL_UNVERIFIED)   |
2024-09-16 17:35:28,939 [INFO] bbot.modules.aggregate base.py:1283 +--------------------+-----------------------------------+------------------------------------------+
2024-09-16 17:35:28,939 [INFO] bbot.modules.aggregate base.py:1283 | internetdb         | 2 (1 OPEN_TCP_PORT, 1 TECHNOLOGY) | 1 (1 DNS_NAME)                           |
2024-09-16 17:35:28,939 [INFO] bbot.modules.aggregate base.py:1283 +--------------------+-----------------------------------+------------------------------------------+
2024-09-16 17:35:28,939 [INFO] bbot.modules.aggregate base.py:1283 | sslcert            | 1 (1 DNS_NAME)                    | 14 (14 OPEN_TCP_PORT)                    |
2024-09-16 17:35:28,939 [INFO] bbot.modules.aggregate base.py:1283 +--------------------+-----------------------------------+------------------------------------------+
2024-09-16 17:35:28,939 [INFO] bbot.modules.aggregate base.py:1283 | excavate           | 1 (1 EMAIL_ADDRESS)               | 3 (3 HTTP_RESPONSE)                      |
2024-09-16 17:35:28,939 [INFO] bbot.modules.aggregate base.py:1283 +--------------------+-----------------------------------+------------------------------------------+
2024-09-16 17:35:28,939 [INFO] bbot.modules.aggregate base.py:1283 | A                  | 1 (1 IP_ADDRESS)                  | 0                                        |
2024-09-16 17:35:28,939 [INFO] bbot.modules.aggregate base.py:1283 +--------------------+-----------------------------------+------------------------------------------+
2024-09-16 17:35:28,939 [INFO] bbot.modules.aggregate base.py:1283 | host               | 1 (1 DNS_NAME)                    | 0                                        |
2024-09-16 17:35:28,939 [INFO] bbot.modules.aggregate base.py:1283 +--------------------+-----------------------------------+------------------------------------------+
2024-09-16 17:35:28,939 [INFO] bbot.modules.aggregate base.py:1283 | dnsresolve         | 0                                 | 199 (14 DNS_NAME, 1 EMAIL_ADDRESS, 4     |
2024-09-16 17:35:28,939 [INFO] bbot.modules.aggregate base.py:1283 |                    |                                   | HTTP_RESPONSE, 17 IP_ADDRESS, 27         |
2024-09-16 17:35:28,939 [INFO] bbot.modules.aggregate base.py:1283 |                    |                                   | OPEN_TCP_PORT, 12 TECHNOLOGY, 3 URL, 121 |
2024-09-16 17:35:28,941 [INFO] bbot.modules.aggregate base.py:1283 |                    |                                   | URL_UNVERIFIED)                          |
2024-09-16 17:35:28,941 [INFO] bbot.modules.aggregate base.py:1283 +--------------------+-----------------------------------+------------------------------------------+
2024-09-16 17:35:28,941 [INFO] bbot.modules.aggregate base.py:1283 | cloudcheck         | 0                                 | 164 (7 DNS_NAME, 1 EMAIL_ADDRESS, 3      |
2024-09-16 17:35:28,941 [INFO] bbot.modules.aggregate base.py:1283 |                    |                                   | HTTP_RESPONSE, 2 IP_ADDRESS, 27          |
2024-09-16 17:35:28,941 [INFO] bbot.modules.aggregate base.py:1283 |                    |                                   | OPEN_TCP_PORT, 12 TECHNOLOGY, 3 URL, 109 |
2024-09-16 17:35:28,941 [INFO] bbot.modules.aggregate base.py:1283 |                    |                                   | URL_UNVERIFIED)                          |
2024-09-16 17:35:28,941 [INFO] bbot.modules.aggregate base.py:1283 +--------------------+-----------------------------------+------------------------------------------+
2024-09-16 17:35:28,941 [INFO] bbot.modules.aggregate base.py:1283 | azure_realm        | 0                                 | 1 (1 DNS_NAME)                           |
2024-09-16 17:35:28,941 [INFO] bbot.modules.aggregate base.py:1283 +--------------------+-----------------------------------+------------------------------------------+
2024-09-16 17:35:28,941 [INFO] bbot.modules.aggregate base.py:1283 | azure_tenant       | 0                                 | 1 (1 DNS_NAME)                           |
2024-09-16 17:35:28,941 [INFO] bbot.modules.aggregate base.py:1283 +--------------------+-----------------------------------+------------------------------------------+
2024-09-16 17:35:28,941 [INFO] bbot.modules.aggregate base.py:1283 | baddns             | 0                                 | 1 (1 DNS_NAME)                           |
2024-09-16 17:35:28,941 [INFO] bbot.modules.aggregate base.py:1283 +--------------------+-----------------------------------+------------------------------------------+
2024-09-16 17:35:28,941 [INFO] bbot.modules.aggregate base.py:1283 | baddns_zone        | 0                                 | 1 (1 DNS_NAME)                           |
2024-09-16 17:35:28,941 [INFO] bbot.modules.aggregate base.py:1283 +--------------------+-----------------------------------+------------------------------------------+
2024-09-16 17:35:28,941 [INFO] bbot.modules.aggregate base.py:1283 | bucket_amazon      | 0                                 | 1 (1 DNS_NAME)                           |
2024-09-16 17:35:28,941 [INFO] bbot.modules.aggregate base.py:1283 +--------------------+-----------------------------------+------------------------------------------+
2024-09-16 17:35:28,941 [INFO] bbot.modules.aggregate base.py:1283 | bucket_azure       | 0                                 | 1 (1 DNS_NAME)                           |
2024-09-16 17:35:28,941 [INFO] bbot.modules.aggregate base.py:1283 +--------------------+-----------------------------------+------------------------------------------+
2024-09-16 17:35:28,942 [INFO] bbot.modules.aggregate base.py:1283 | bucket_firebase    | 0                                 | 1 (1 DNS_NAME)                           |
2024-09-16 17:35:28,942 [INFO] bbot.modules.aggregate base.py:1283 +--------------------+-----------------------------------+------------------------------------------+
2024-09-16 17:35:28,942 [INFO] bbot.modules.aggregate base.py:1283 | bucket_google      | 0                                 | 1 (1 DNS_NAME)                           |
2024-09-16 17:35:28,942 [INFO] bbot.modules.aggregate base.py:1283 +--------------------+-----------------------------------+------------------------------------------+
2024-09-16 17:35:28,942 [INFO] bbot.modules.aggregate base.py:1283 | dnsbrute_mutations | 0                                 | 1 (1 DNS_NAME)                           |
2024-09-16 17:35:28,942 [INFO] bbot.modules.aggregate base.py:1283 +--------------------+-----------------------------------+------------------------------------------+
2024-09-16 17:35:28,942 [INFO] bbot.modules.aggregate base.py:1283 | dnscaa             | 0                                 | 1 (1 DNS_NAME)                           |
2024-09-16 17:35:28,942 [INFO] bbot.modules.aggregate base.py:1283 +--------------------+-----------------------------------+------------------------------------------+
2024-09-16 17:35:28,942 [INFO] bbot.modules.aggregate base.py:1283 | dnscommonsrv       | 0                                 | 1 (1 DNS_NAME)                           |
2024-09-16 17:35:28,942 [INFO] bbot.modules.aggregate base.py:1283 +--------------------+-----------------------------------+------------------------------------------+
2024-09-16 17:35:28,942 [INFO] bbot.modules.aggregate base.py:1283 | oauth              | 0                                 | 2 (1 DNS_NAME, 1 URL_UNVERIFIED)         |
2024-09-16 17:35:28,942 [INFO] bbot.modules.aggregate base.py:1283 +--------------------+-----------------------------------+------------------------------------------+
2024-09-16 17:35:28,942 [INFO] bbot.modules.aggregate base.py:1283 | github_org         | 0                                 | 1 (1 ORG_STUB)                           |
2024-09-16 17:35:28,942 [INFO] bbot.modules.aggregate base.py:1283 +--------------------+-----------------------------------+------------------------------------------+
2024-09-16 17:35:28,942 [INFO] bbot.modules.aggregate base.py:1283 | git                | 0                                 | 3 (3 URL)                                |
2024-09-16 17:35:28,942 [INFO] bbot.modules.aggregate base.py:1283 +--------------------+-----------------------------------+------------------------------------------+
2024-09-16 17:35:28,942 [INFO] bbot.modules.aggregate base.py:1283 | iis_shortnames     | 0                                 | 3 (3 URL)                                |
2024-09-16 17:35:28,942 [INFO] bbot.modules.aggregate base.py:1283 +--------------------+-----------------------------------+------------------------------------------+
2024-09-16 17:35:28,942 [INFO] bbot.modules.aggregate base.py:1283 | robots             | 0                                 | 3 (3 URL)                                |
2024-09-16 17:35:28,942 [INFO] bbot.modules.aggregate base.py:1283 +--------------------+-----------------------------------+------------------------------------------+
2024-09-16 17:35:28,942 [INFO] bbot.modules.aggregate base.py:1283 | badsecrets         | 0                                 | 3 (3 HTTP_RESPONSE)                      |
2024-09-16 17:35:28,943 [INFO] bbot.modules.aggregate base.py:1283 +--------------------+-----------------------------------+------------------------------------------+
2024-09-16 17:35:28,943 [INFO] bbot.modules.aggregate base.py:1283 | filedownload       | 0                                 | 107 (3 HTTP_RESPONSE, 104                |
2024-09-16 17:35:28,943 [INFO] bbot.modules.aggregate base.py:1283 |                    |                                   | URL_UNVERIFIED)                          |
2024-09-16 17:35:28,943 [INFO] bbot.modules.aggregate base.py:1283 +--------------------+-----------------------------------+------------------------------------------+
2024-09-16 17:35:28,943 [INFO] bbot.modules.aggregate base.py:1283 | secretsdb          | 0                                 | 3 (3 HTTP_RESPONSE)                      |
2024-09-16 17:35:28,943 [INFO] bbot.modules.aggregate base.py:1283 +--------------------+-----------------------------------+------------------------------------------+
2024-09-16 17:35:28,943 [INFO] bbot.modules.aggregate base.py:1283 | social             | 0                                 | 107 (107 URL_UNVERIFIED)                 |
2024-09-16 17:35:28,943 [INFO] bbot.modules.aggregate base.py:1283 +--------------------+-----------------------------------+------------------------------------------+
2024-09-16 17:35:28,943 [INFO] bbot.modules.aggregate base.py:1283 | ipneighbor         | 0                                 | 1 (1 IP_ADDRESS)                         |
2024-09-16 17:35:28,943 [INFO] bbot.modules.aggregate base.py:1283 +--------------------+-----------------------------------+------------------------------------------+
2024-09-16 17:35:28,946 [VERBOSE] bbot.modules.aggregate logger.py:132 Wrote scan-stats to /home/arash/Desktop/Bat-Tower/http/bbot/benevolent_matthew/scan-stats-table-20240916_1735_28.txt
2024-09-16 17:35:28,946 [INFO] bbot.modules.output.csv base.py:1283 Saved CSV output to /home/arash/Desktop/Bat-Tower/http/bbot/benevolent_matthew/output.csv
2024-09-16 17:35:28,947 [INFO] bbot.modules.output.json base.py:1283 Saved JSON output to /home/arash/Desktop/Bat-Tower/http/bbot/benevolent_matthew/output.json
2024-09-16 17:35:28,947 [INFO] bbot.modules.output.subdomains base.py:1283 Saved 1 subdomains to /home/arash/Desktop/Bat-Tower/http/bbot/benevolent_matthew/subdomains.txt
2024-09-16 17:35:28,947 [INFO] bbot.modules.output.txt base.py:1283 Saved TXT output to /home/arash/Desktop/Bat-Tower/http/bbot/benevolent_matthew/output.txt
2024-09-16 17:35:28,947 [VERBOSE] bbot.core.dnshelper logger.py:132 EngineClient DNSHelper: shutting down...
2024-09-16 17:35:29,449 [VERBOSE] bbot.core.webhelper logger.py:132 EngineClient WebHelper: shutting down...
